# JRE version: Java(TM) SE Runtime Environment (7.0_45-b18) (build 1.7.0_45-b18)
# Java VM: Java HotSpot(TM) Client VM (24.45-b08 mixed mode, sharing windows-x86 )
Heap
 def new generation   total 4928K, used 1976K [0x24060000, 0x245b0000, 0x295b0000)
  eden space 4416K,  42% used [0x24060000, 0x2423a1a0, 0x244b0000)
  from space 512K,  15% used [0x244b0000, 0x244c3f18, 0x24530000)
  to   space 512K,   0% used [0x24530000, 0x24530000, 0x245b0000)
 tenured generation   total 10944K, used 1480K [0x295b0000, 0x2a060000, 0x34060000)
   the space 10944K,  13% used [0x295b0000, 0x29722030, 0x29722200, 0x2a060000)
 compacting perm gen  total 12288K, used 862K [0x34060000, 0x34c60000, 0x38060000)
   the space 12288K,   7% used [0x34060000, 0x341379b8, 0x34137a00, 0x34c60000)
    ro space 10240K,  41% used [0x38060000, 0x38491a78, 0x38491c00, 0x38a60000)
    rw space 12288K,  52% used [0x38a60000, 0x390a62c0, 0x390a6400, 0x39660000)
GC Heap History (4 events):
Event: 0.485 GC heap before
{Heap before GC invocations=0 (full 0):
 def new generation   total 4928K, used 4416K [0x24060000, 0x245b0000, 0x295b0000)
  eden space 4416K, 100% used [0x24060000, 0x244b0000, 0x244b0000)
  from space 512K,   0% used [0x244b0000, 0x244b0000, 0x24530000)
  to   space 512K,   0% used [0x24530000, 0x24530000, 0x245b0000)
 tenured generation   total 10944K, used 0K [0x295b0000, 0x2a060000, 0x34060000)
   the space 10944K,   0% used [0x295b0000, 0x295b0000, 0x295b0200, 0x2a060000)
 compacting perm gen  total 12288K, used 520K [0x34060000, 0x34c60000, 0x38060000)
   the space 12288K,   4% used [0x34060000, 0x340e2250, 0x340e2400, 0x34c60000)
    ro space 10240K,  41% used [0x38060000, 0x38491a78, 0x38491c00, 0x38a60000)
    rw space 12288K,  52% used [0x38a60000, 0x390a62c0, 0x390a6400, 0x39660000)
Event: 0.489 GC heap after
Heap after GC invocations=1 (full 0):
 def new generation   total 4928K, used 258K [0x24060000, 0x245b0000, 0x295b0000)
  eden space 4416K,   0% used [0x24060000, 0x24060000, 0x244b0000)
  from space 512K,  50% used [0x24530000, 0x24570990, 0x245b0000)
  to   space 512K,   0% used [0x244b0000, 0x244b0000, 0x24530000)
 tenured generation   total 10944K, used 537K [0x295b0000, 0x2a060000, 0x34060000)
   the space 10944K,   4% used [0x295b0000, 0x29636550, 0x29636600, 0x2a060000)
 compacting perm gen  total 12288K, used 520K [0x34060000, 0x34c60000, 0x38060000)
   the space 12288K,   4% used [0x34060000, 0x340e2250, 0x340e2400, 0x34c60000)
    ro space 10240K,  41% used [0x38060000, 0x38491a78, 0x38491c00, 0x38a60000)
    rw space 12288K,  52% used [0x38a60000, 0x390a62c0, 0x390a6400, 0x39660000)
}
Event: 0.730 GC heap before
{Heap before GC invocations=1 (full 0):
 def new generation   total 4928K, used 4674K [0x24060000, 0x245b0000, 0x295b0000)
  eden space 4416K, 100% used [0x24060000, 0x244b0000, 0x244b0000)
  from space 512K,  50% used [0x24530000, 0x24570990, 0x245b0000)
  to   space 512K,   0% used [0x244b0000, 0x244b0000, 0x24530000)
 tenured generation   total 10944K, used 537K [0x295b0000, 0x2a060000, 0x34060000)
   the space 10944K,   4% used [0x295b0000, 0x29636550, 0x29636600, 0x2a060000)
 compacting perm gen  total 12288K, used 712K [0x34060000, 0x34c60000, 0x38060000)
   the space 12288K,   5% used [0x34060000, 0x34112388, 0x34112400, 0x34c60000)
    ro space 10240K,  41% used [0x38060000, 0x38491a78, 0x38491c00, 0x38a60000)
    rw space 12288K,  52% used [0x38a60000, 0x390a62c0, 0x390a6400, 0x39660000)
Event: 0.734 GC heap after
Heap after GC invocations=2 (full 0):
 def new generation   total 4928K, used 79K [0x24060000, 0x245b0000, 0x295b0000)
  eden space 4416K,   0% used [0x24060000, 0x24060000, 0x244b0000)
  from space 512K,  15% used [0x244b0000, 0x244c3f18, 0x24530000)
  to   space 512K,   0% used [0x24530000, 0x24530000, 0x245b0000)
 tenured generation   total 10944K, used 1480K [0x295b0000, 0x2a060000, 0x34060000)
   the space 10944K,  13% used [0x295b0000, 0x29722030, 0x29722200, 0x2a060000)
 compacting perm gen  total 12288K, used 712K [0x34060000, 0x34c60000, 0x38060000)
   the space 12288K,   5% used [0x34060000, 0x34112388, 0x34112400, 0x34c60000)
    ro space 10240K,  41% used [0x38060000, 0x38491a78, 0x38491c00, 0x38a60000)
    rw space 12288K,  52% used [0x38a60000, 0x390a62c0, 0x390a6400, 0x39660000)
}

